<?xml version="1.0" encoding="UTF-8"?>
<testng-results ignored="0" total="1" passed="1" failed="0" skipped="0">
  <reporter-output>
  </reporter-output>
  <suite started-at="2021-10-16T18:47:24 BRT" name="com.mypluralsight.restassuredFundamentals.BasicTest" finished-at="2021-10-16T18:47:37 BRT" duration-ms="12517">
    <groups>
    </groups>
    <test started-at="2021-10-16T18:47:24 BRT" name="Command line test" finished-at="2021-10-16T18:47:37 BRT" duration-ms="12517">
      <class name="com.mypluralsight.restassuredFundamentals.BasicTest">
        <test-method signature="someTest()[pri:0, instance:com.mypluralsight.restassuredFundamentals.BasicTest@2a742aa2]" started-at="2021-10-16T18:47:24 BRT" name="someTest" finished-at="2021-10-16T18:47:37 BRT" duration-ms="12489" status="PASS">
          <reporter-output>
          </reporter-output>
        </test-method> <!-- someTest -->
      </class> <!-- com.mypluralsight.restassuredFundamentals.BasicTest -->
    </test> <!-- Command line test -->
  </suite> <!-- com.mypluralsight.restassuredFundamentals.BasicTest -->
</testng-results>
